  stdafx.cpp
D:\K019G1120\Projects\ButiEngine\Libs\Library\ButiUtil\Util\Util.h(65,106): warning C4267: '引数': 'size_t' から 'int' に変換しました。データが失われているかもしれません。
D:\K019G1120\Projects\ButiEngine\Libs\Library\ButiUtil\Util\Util.h(71,104): warning C4267: '引数': 'size_t' から 'int' に変換しました。データが失われているかもしれません。
D:\K019G1120\Projects\ButiEngine\Libs\Library\ButiUtil\Util\Util.h(91,100): warning C4267: '引数': 'size_t' から 'int' に変換しました。データが失われているかもしれません。
D:\K019G1120\Projects\ButiEngine\Libs\Library\ButiUtil\Util\Util.h(97,98): warning C4267: '引数': 'size_t' から 'int' に変換しました。データが失われているかもしれません。
  BinaryReader.cpp
D:\K019G1120\Projects\ButiEngine\Libs\Library\ButiUtil\Util\BinaryReader.cpp(278,33): warning C4267: '引数': 'size_t' から 'T' に変換しました。データが失われているかもしれません。
          with
          [
              T=int
          ]
  CSVReader.cpp
C:\Program Files (x86)\Microsoft Visual Studio\2019\Community\VC\Tools\MSVC\14.29.30037\include\xutility(151,1): warning C4267: '引数': 'size_t' から 'int' に変換しました。データが失われているかもしれません。
C:\Program Files (x86)\Microsoft Visual Studio\2019\Community\VC\Tools\MSVC\14.29.30037\include\memory(2021): message : コンパイル対象の関数 テンプレート インスタンス化 'void std::_Construct_in_place<_Ty,unsigned __int64,unsigned __int64>(_Ty &,unsigned __int64 &&,unsigned __int64 &&) noexcept(false)' のリファレンスを確認してください
          with
          [
              _Ty=ButiEngine::CSVData
          ]
C:\Program Files (x86)\Microsoft Visual Studio\2019\Community\VC\Tools\MSVC\14.29.30037\include\memory(2747): message : コンパイル対象の関数 テンプレート インスタンス化 'std::_Ref_count_obj2<_Ty>::_Ref_count_obj2<unsigned __int64,unsigned __int64>(unsigned __int64 &&,unsigned __int64 &&)' のリファレンスを確認してください
          with
          [
              _Ty=ButiEngine::CSVData
          ]
C:\Program Files (x86)\Microsoft Visual Studio\2019\Community\VC\Tools\MSVC\14.29.30037\include\memory(2748): message : コンパイル対象の関数 テンプレート インスタンス化 'std::_Ref_count_obj2<_Ty>::_Ref_count_obj2<unsigned __int64,unsigned __int64>(unsigned __int64 &&,unsigned __int64 &&)' のリファレンスを確認してください
          with
          [
              _Ty=ButiEngine::CSVData
          ]
D:\K019G1120\Projects\ButiEngine\Libs\Library\ButiUtil\Util\CSVReader.cpp(23): message : コンパイル対象の関数 テンプレート インスタンス化 'std::shared_ptr<_Ty> std::make_shared<ButiEngine::CSVData,unsigned __int64,unsigned __int64>(unsigned __int64 &&,unsigned __int64 &&)' のリファレンスを確認してください
          with
          [
              _Ty=ButiEngine::CSVData
          ]
  CSVWriter.cpp
  StringHelper.cpp
D:\K019G1120\Projects\ButiEngine\Libs\Library\ButiUtil\Util\Helper\StringHelper.cpp(17,48): warning C4267: '初期化中': 'size_t' から 'int' に変換しました。データが失われているかもしれません。
D:\K019G1120\Projects\ButiEngine\Libs\Library\ButiUtil\Util\Helper\StringHelper.cpp(25,52): warning C4267: '=': 'size_t' から 'int' に変換しました。データが失われているかもしれません。
D:\K019G1120\Projects\ButiEngine\Libs\Library\ButiUtil\Util\Helper\StringHelper.cpp(27,24): warning C4267: '=': 'size_t' から 'int' に変換しました。データが失われているかもしれません。
  Util.cpp
  main.cpp
D:\K019G1120\Projects\ButiEngine\Libs\Library\ButiEventSystem\ButiEventSystemSample\main.cpp(81,1): warning C4267: '初期化中': 'size_t' から 'int' に変換しました。データが失われているかもしれません。
D:\K019G1120\Projects\ButiEngine\Libs\Library\ButiEventSystem\ButiEventSystemSample\main.cpp(69): message : クラス テンプレート メンバー関数 'void EventMessenger<int>::Regist(std::shared_ptr<EventListenerRegister<int>>,const int)' のコンパイル中
D:\K019G1120\Projects\ButiEngine\Libs\Library\ButiEventSystem\ButiEventSystemSample\main.cpp(183): message : コンパイル対象の関数 テンプレート インスタンス化 'void EventMessenger<int>::Regist(std::shared_ptr<EventListenerRegister<int>>,const int)' のリファレンスを確認してください
D:\K019G1120\Projects\ButiEngine\Libs\Library\ButiEventSystem\ButiEventSystemSample\main.cpp(163): message : コンパイル対象の クラス テンプレート インスタンス化 'EventMessenger<int>' のリファレンスを確認してください
  コード生成しています。
  Previous IPDB not found, fall back to full compilation.
  All 794 functions were compiled because no usable IPDB/IOBJ from previous compilation was found.
  コード生成が終了しました。
  ButiEventSystemSample.vcxproj -> D:\K019G1120\Projects\ButiEngine\Libs\Library\ButiEventSystem\x64\Release\ButiEventSystemSample.exe
